2011-11-14 13:56:26,491 [main] WARN  [cn.loosoft.stuwork.backmanage.service.account.AccountManager] - 操作员尝试删除超级管理员用户
2011-11-14 13:56:30,415 [main] WARN  [org.hibernate.cache.EhCacheProvider] - Could not find configuration [cn.loosoft.stuwork.backmanage.entity.school.Specialty]; using defaults.
2011-11-14 13:56:30,544 [main] WARN  [org.hibernate.cache.EhCacheProvider] - Could not find configuration [cn.loosoft.stuwork.backmanage.entity.school.Clazz]; using defaults.
2011-11-14 13:56:30,554 [main] WARN  [org.hibernate.cache.EhCacheProvider] - Could not find configuration [cn.loosoft.stuwork.backmanage.entity.school.Institute]; using defaults.
2011-11-14 13:56:30,561 [main] WARN  [org.hibernate.cache.EhCacheProvider] - Could not find configuration [cn.loosoft.stuwork.backmanage.entity.account.UserType]; using defaults.
2011-11-14 13:56:30,564 [main] WARN  [org.hibernate.cache.EhCacheProvider] - Could not find configuration [cn.loosoft.stuwork.backmanage.entity.school.Department]; using defaults.
2011-11-14 13:56:30,569 [main] WARN  [org.hibernate.cache.EhCacheProvider] - Could not find configuration [cn.loosoft.stuwork.backmanage.entity.school.Scharea]; using defaults.
2011-11-14 13:56:30,572 [main] WARN  [org.hibernate.cache.EhCacheProvider] - Could not find configuration [cn.loosoft.stuwork.backmanage.entity.account.StudentUser]; using defaults.
2011-11-14 13:56:30,588 [main] WARN  [org.hibernate.cache.EhCacheProvider] - Could not find configuration [cn.loosoft.stuwork.backmanage.entity.account.Role]; using defaults.
2011-11-14 13:56:30,592 [main] WARN  [org.hibernate.cache.EhCacheProvider] - Could not find configuration [cn.loosoft.stuwork.backmanage.entity.account.Authority]; using defaults.
2011-11-14 13:56:30,596 [main] WARN  [org.hibernate.cache.EhCacheProvider] - Could not find configuration [cn.loosoft.stuwork.backmanage.entity.notice.NoticeManager]; using defaults.
2011-11-14 13:56:30,606 [main] WARN  [org.hibernate.cache.EhCacheProvider] - Could not find configuration [cn.loosoft.stuwork.backmanage.entity.batch.Batch]; using defaults.
2011-11-14 13:56:30,610 [main] WARN  [org.hibernate.cache.EhCacheProvider] - Could not find configuration [cn.loosoft.stuwork.backmanage.entity.account.User]; using defaults.
2011-11-14 13:56:30,619 [main] WARN  [org.hibernate.cache.EhCacheProvider] - Could not find configuration [cn.loosoft.stuwork.backmanage.entity.account.StudentUser.roleList]; using defaults.
2011-11-14 13:56:30,630 [main] WARN  [org.hibernate.cache.EhCacheProvider] - Could not find configuration [cn.loosoft.stuwork.backmanage.entity.account.Role.authorityList]; using defaults.
2011-11-14 13:56:30,630 [main] WARN  [org.hibernate.cache.EhCacheProvider] - Could not find configuration [cn.loosoft.stuwork.backmanage.entity.account.User.clazzList]; using defaults.
2011-11-14 13:56:30,630 [main] WARN  [org.hibernate.cache.EhCacheProvider] - Could not find configuration [cn.loosoft.stuwork.backmanage.entity.account.StudentUser.clazzList]; using defaults.
2011-11-14 13:56:30,631 [main] WARN  [org.hibernate.cache.EhCacheProvider] - Could not find configuration [cn.loosoft.stuwork.backmanage.entity.account.User.roleList]; using defaults.
2011-11-14 13:56:30,708 [main] WARN  [org.springframework.aop.framework.Cglib2AopProxy] - Unable to proxy method [public final void org.springside.modules.test.spring.SpringContextTestCase.setApplicationContext(org.springframework.context.ApplicationContext)] because it is final: All calls to this method via a proxy will be routed directly to the proxy.
2011-11-14 13:56:31,237 [main] WARN  [org.springframework.aop.framework.Cglib2AopProxy] - Unable to proxy method [public final void org.springside.modules.test.spring.SpringContextTestCase.setApplicationContext(org.springframework.context.ApplicationContext)] because it is final: All calls to this method via a proxy will be routed directly to the proxy.
2011-11-14 13:56:31,266 [main] WARN  [org.hibernate.util.JDBCExceptionReporter] - SQL Error: 42122, SQLState: 42S22
2011-11-14 13:56:31,266 [main] ERROR [org.hibernate.util.JDBCExceptionReporter] - Column "CLAZZCODE" not found; SQL statement:
insert into acct_user (id, clazzCode, clazzName, createDate, departmentID, email, examineeNo, instituteID, loginName, name, password, specialtyID, type) values (null, ?, ?, ?, ?, ?, ?, ?, ?, ?, ?, ?, ?) [42122-133]
2011-11-14 13:56:31,277 [main] WARN  [org.hibernate.util.JDBCExceptionReporter] - SQL Error: 42122, SQLState: 42S22
2011-11-14 13:56:31,277 [main] ERROR [org.hibernate.util.JDBCExceptionReporter] - Column "CLAZZCODE" not found; SQL statement:
insert into acct_user (id, clazzCode, clazzName, createDate, departmentID, email, examineeNo, instituteID, loginName, name, password, specialtyID, type) values (null, ?, ?, ?, ?, ?, ?, ?, ?, ?, ?, ?, ?) [42122-133]
2011-11-14 13:56:35,205 [main] ERROR [org.springframework.web.context.ContextLoader] - Context initialization failed
org.springframework.beans.factory.BeanDefinitionStoreException: Invalid bean definition with name 'org.springframework.security.filterChainProxy' defined in null: Could not resolve placeholder 'cas.securityContext.logoutUrl'
	at org.springframework.beans.factory.config.PropertyPlaceholderConfigurer.processProperties(PropertyPlaceholderConfigurer.java:272)
	at org.springframework.beans.factory.config.PropertyResourceConfigurer.postProcessBeanFactory(PropertyResourceConfigurer.java:75)
	at org.springframework.context.support.AbstractApplicationContext.invokeBeanFactoryPostProcessors(AbstractApplicationContext.java:640)
	at org.springframework.context.support.AbstractApplicationContext.invokeBeanFactoryPostProcessors(AbstractApplicationContext.java:615)
	at org.springframework.context.support.AbstractApplicationContext.refresh(AbstractApplicationContext.java:405)
	at org.springframework.web.context.ContextLoader.createWebApplicationContext(ContextLoader.java:272)
	at org.springframework.web.context.ContextLoader.initWebApplicationContext(ContextLoader.java:196)
	at org.springframework.web.context.ContextLoaderListener.contextInitialized(ContextLoaderListener.java:47)
	at org.mortbay.jetty.handler.ContextHandler.startContext(ContextHandler.java:548)
	at org.mortbay.jetty.servlet.Context.startContext(Context.java:136)
	at org.mortbay.jetty.webapp.WebAppContext.startContext(WebAppContext.java:1250)
	at org.mortbay.jetty.handler.ContextHandler.doStart(ContextHandler.java:517)
	at org.mortbay.jetty.webapp.WebAppContext.doStart(WebAppContext.java:467)
	at org.mortbay.component.AbstractLifeCycle.start(AbstractLifeCycle.java:50)
	at org.mortbay.jetty.handler.HandlerWrapper.doStart(HandlerWrapper.java:130)
	at org.mortbay.jetty.Server.doStart(Server.java:224)
	at org.mortbay.component.AbstractLifeCycle.start(AbstractLifeCycle.java:50)
	at cn.loosoft.stuwork.backmanage.functional.BaseFunctionalTestCase.startJetty(BaseFunctionalTestCase.java:68)
	at cn.loosoft.stuwork.backmanage.functional.BaseFunctionalTestCase.initAll(BaseFunctionalTestCase.java:50)
	at sun.reflect.NativeMethodAccessorImpl.invoke0(Native Method)
	at sun.reflect.NativeMethodAccessorImpl.invoke(NativeMethodAccessorImpl.java:39)
	at sun.reflect.DelegatingMethodAccessorImpl.invoke(DelegatingMethodAccessorImpl.java:25)
	at java.lang.reflect.Method.invoke(Method.java:597)
	at org.junit.runners.model.FrameworkMethod$1.runReflectiveCall(FrameworkMethod.java:44)
	at org.junit.internal.runners.model.ReflectiveCallable.run(ReflectiveCallable.java:15)
	at org.junit.runners.model.FrameworkMethod.invokeExplosively(FrameworkMethod.java:41)
	at org.junit.internal.runners.statements.RunBefores.evaluate(RunBefores.java:27)
	at org.junit.internal.runners.statements.RunAfters.evaluate(RunAfters.java:31)
	at org.junit.runners.ParentRunner.run(ParentRunner.java:236)
	at org.springside.modules.test.groups.GroupsTestRunner.run(GroupsTestRunner.java:71)
	at org.apache.maven.surefire.junit4.JUnit4TestSet.execute(JUnit4TestSet.java:59)
	at org.apache.maven.surefire.suite.AbstractDirectoryTestSuite.executeTestSet(AbstractDirectoryTestSuite.java:115)
	at org.apache.maven.surefire.suite.AbstractDirectoryTestSuite.execute(AbstractDirectoryTestSuite.java:102)
	at org.apache.maven.surefire.Surefire.run(Surefire.java:180)
	at sun.reflect.NativeMethodAccessorImpl.invoke0(Native Method)
	at sun.reflect.NativeMethodAccessorImpl.invoke(NativeMethodAccessorImpl.java:39)
	at sun.reflect.DelegatingMethodAccessorImpl.invoke(DelegatingMethodAccessorImpl.java:25)
	at java.lang.reflect.Method.invoke(Method.java:597)
	at org.apache.maven.surefire.booter.SurefireBooter.runSuitesInProcess(SurefireBooter.java:350)
	at org.apache.maven.surefire.booter.SurefireBooter.main(SurefireBooter.java:1021)
2011-11-14 13:56:35,206 [main] ERROR [org.mortbay.log] - Failed startup of context org.mortbay.jetty.webapp.WebAppContext@91e321{/mini-web,src/main/webapp}
org.springframework.beans.factory.BeanDefinitionStoreException: Invalid bean definition with name 'org.springframework.security.filterChainProxy' defined in null: Could not resolve placeholder 'cas.securityContext.logoutUrl'
	at org.springframework.beans.factory.config.PropertyPlaceholderConfigurer.processProperties(PropertyPlaceholderConfigurer.java:272)
	at org.springframework.beans.factory.config.PropertyResourceConfigurer.postProcessBeanFactory(PropertyResourceConfigurer.java:75)
	at org.springframework.context.support.AbstractApplicationContext.invokeBeanFactoryPostProcessors(AbstractApplicationContext.java:640)
	at org.springframework.context.support.AbstractApplicationContext.invokeBeanFactoryPostProcessors(AbstractApplicationContext.java:615)
	at org.springframework.context.support.AbstractApplicationContext.refresh(AbstractApplicationContext.java:405)
	at org.springframework.web.context.ContextLoader.createWebApplicationContext(ContextLoader.java:272)
	at org.springframework.web.context.ContextLoader.initWebApplicationContext(ContextLoader.java:196)
	at org.springframework.web.context.ContextLoaderListener.contextInitialized(ContextLoaderListener.java:47)
	at org.mortbay.jetty.handler.ContextHandler.startContext(ContextHandler.java:548)
	at org.mortbay.jetty.servlet.Context.startContext(Context.java:136)
	at org.mortbay.jetty.webapp.WebAppContext.startContext(WebAppContext.java:1250)
	at org.mortbay.jetty.handler.ContextHandler.doStart(ContextHandler.java:517)
	at org.mortbay.jetty.webapp.WebAppContext.doStart(WebAppContext.java:467)
	at org.mortbay.component.AbstractLifeCycle.start(AbstractLifeCycle.java:50)
	at org.mortbay.jetty.handler.HandlerWrapper.doStart(HandlerWrapper.java:130)
	at org.mortbay.jetty.Server.doStart(Server.java:224)
	at org.mortbay.component.AbstractLifeCycle.start(AbstractLifeCycle.java:50)
	at cn.loosoft.stuwork.backmanage.functional.BaseFunctionalTestCase.startJetty(BaseFunctionalTestCase.java:68)
	at cn.loosoft.stuwork.backmanage.functional.BaseFunctionalTestCase.initAll(BaseFunctionalTestCase.java:50)
	at sun.reflect.NativeMethodAccessorImpl.invoke0(Native Method)
	at sun.reflect.NativeMethodAccessorImpl.invoke(NativeMethodAccessorImpl.java:39)
	at sun.reflect.DelegatingMethodAccessorImpl.invoke(DelegatingMethodAccessorImpl.java:25)
	at java.lang.reflect.Method.invoke(Method.java:597)
	at org.junit.runners.model.FrameworkMethod$1.runReflectiveCall(FrameworkMethod.java:44)
	at org.junit.internal.runners.model.ReflectiveCallable.run(ReflectiveCallable.java:15)
	at org.junit.runners.model.FrameworkMethod.invokeExplosively(FrameworkMethod.java:41)
	at org.junit.internal.runners.statements.RunBefores.evaluate(RunBefores.java:27)
	at org.junit.internal.runners.statements.RunAfters.evaluate(RunAfters.java:31)
	at org.junit.runners.ParentRunner.run(ParentRunner.java:236)
	at org.springside.modules.test.groups.GroupsTestRunner.run(GroupsTestRunner.java:71)
	at org.apache.maven.surefire.junit4.JUnit4TestSet.execute(JUnit4TestSet.java:59)
	at org.apache.maven.surefire.suite.AbstractDirectoryTestSuite.executeTestSet(AbstractDirectoryTestSuite.java:115)
	at org.apache.maven.surefire.suite.AbstractDirectoryTestSuite.execute(AbstractDirectoryTestSuite.java:102)
	at org.apache.maven.surefire.Surefire.run(Surefire.java:180)
	at sun.reflect.NativeMethodAccessorImpl.invoke0(Native Method)
	at sun.reflect.NativeMethodAccessorImpl.invoke(NativeMethodAccessorImpl.java:39)
	at sun.reflect.DelegatingMethodAccessorImpl.invoke(DelegatingMethodAccessorImpl.java:25)
	at java.lang.reflect.Method.invoke(Method.java:597)
	at org.apache.maven.surefire.booter.SurefireBooter.runSuitesInProcess(SurefireBooter.java:350)
	at org.apache.maven.surefire.booter.SurefireBooter.main(SurefireBooter.java:1021)
2011-11-14 13:56:35,270 [main] WARN  [org.mortbay.log] - failed SocketConnector@0.0.0.0:8080: java.net.BindException: Address already in use: JVM_Bind
2011-11-14 13:56:35,270 [main] WARN  [org.mortbay.log] - failed Server@1d6c336: java.net.BindException: Address already in use: JVM_Bind
2011-11-14 13:56:35,422 [main] WARN  [org.springframework.aop.framework.Cglib2AopProxy] - Unable to proxy method [public final void org.springside.modules.test.spring.SpringContextTestCase.setApplicationContext(org.springframework.context.ApplicationContext)] because it is final: All calls to this method via a proxy will be routed directly to the proxy.
2011-11-14 13:56:35,615 [main] WARN  [org.hibernate.util.JDBCExceptionReporter] - SQL Error: 42102, SQLState: 42S02
2011-11-14 13:56:35,615 [main] ERROR [org.hibernate.util.JDBCExceptionReporter] - Table "BM_CLASS" not found; SQL statement:
select clazz0_.id as col_0_0_ from bm_class clazz0_ [42102-133]
2011-11-14 13:56:35,640 [main] WARN  [org.springframework.aop.framework.Cglib2AopProxy] - Unable to proxy method [public final void org.springside.modules.test.spring.SpringContextTestCase.setApplicationContext(org.springframework.context.ApplicationContext)] because it is final: All calls to this method via a proxy will be routed directly to the proxy.
2011-11-14 13:56:35,655 [main] WARN  [org.hibernate.util.JDBCExceptionReporter] - SQL Error: 42122, SQLState: 42S22
2011-11-14 13:56:35,655 [main] ERROR [org.hibernate.util.JDBCExceptionReporter] - Column "USER0_.CLAZZCODE" not found; SQL statement:
select user0_.id as id3_0_, user0_.clazzCode as clazzCode3_0_, user0_.clazzName as clazzName3_0_, user0_.createDate as createDate3_0_, user0_.departmentID as departm11_3_0_, user0_.email as email3_0_, user0_.examineeNo as examineeNo3_0_, user0_.instituteID as institu12_3_0_, user0_.loginName as loginName3_0_, user0_.name as name3_0_, user0_.password as password3_0_, user0_.specialtyID as special13_3_0_, user0_.type as type3_0_ from acct_user user0_ where user0_.id=? [42122-133]
