2011-03-14 19:15:27,282 [main] WARN  [org.springframework.beans.factory.config.PropertyPlaceholderConfigurer] - Could not load properties from URL [file:/var/springside/application.server.properties]: \var\springside\application.server.properties (系统找不到指定的路径。)
2011-03-14 19:15:27,313 [main] ERROR [org.springframework.web.context.ContextLoader] - Context initialization failed
org.springframework.beans.factory.BeanDefinitionStoreException: Invalid bean definition with name 'jobsClientFactory' defined in URL [jar:file:/C:/Documents%20and%20Settings/Administrator/.m2/repository/cn/loosoft/stuwork/stuwork_webserviceapi/1.0/stuwork_webserviceapi-1.0.jar!/webservice/cxf/clientbean.xml]: Could not resolve placeholder 'webservice.workstudy.url'
	at org.springframework.beans.factory.config.PropertyPlaceholderConfigurer.processProperties(PropertyPlaceholderConfigurer.java:272)
	at org.springframework.beans.factory.config.PropertyResourceConfigurer.postProcessBeanFactory(PropertyResourceConfigurer.java:75)
	at org.springframework.context.support.AbstractApplicationContext.invokeBeanFactoryPostProcessors(AbstractApplicationContext.java:640)
	at org.springframework.context.support.AbstractApplicationContext.invokeBeanFactoryPostProcessors(AbstractApplicationContext.java:615)
	at org.springframework.context.support.AbstractApplicationContext.refresh(AbstractApplicationContext.java:405)
	at org.springframework.web.context.ContextLoader.createWebApplicationContext(ContextLoader.java:272)
	at org.springframework.web.context.ContextLoader.initWebApplicationContext(ContextLoader.java:196)
	at org.springframework.web.context.ContextLoaderListener.contextInitialized(ContextLoaderListener.java:47)
	at org.mortbay.jetty.handler.ContextHandler.startContext(ContextHandler.java:548)
	at org.mortbay.jetty.servlet.Context.startContext(Context.java:136)
	at org.mortbay.jetty.webapp.WebAppContext.startContext(WebAppContext.java:1250)
	at org.mortbay.jetty.handler.ContextHandler.doStart(ContextHandler.java:517)
	at org.mortbay.jetty.webapp.WebAppContext.doStart(WebAppContext.java:467)
	at org.mortbay.jetty.plugin.Jetty6PluginWebAppContext.doStart(Jetty6PluginWebAppContext.java:115)
	at org.mortbay.component.AbstractLifeCycle.start(AbstractLifeCycle.java:50)
	at org.mortbay.jetty.handler.HandlerCollection.doStart(HandlerCollection.java:152)
	at org.mortbay.jetty.handler.ContextHandlerCollection.doStart(ContextHandlerCollection.java:156)
	at org.mortbay.component.AbstractLifeCycle.start(AbstractLifeCycle.java:50)
	at org.mortbay.jetty.handler.HandlerCollection.doStart(HandlerCollection.java:152)
	at org.mortbay.component.AbstractLifeCycle.start(AbstractLifeCycle.java:50)
	at org.mortbay.jetty.handler.HandlerWrapper.doStart(HandlerWrapper.java:130)
	at org.mortbay.jetty.Server.doStart(Server.java:224)
	at org.mortbay.component.AbstractLifeCycle.start(AbstractLifeCycle.java:50)
	at org.mortbay.jetty.plugin.Jetty6PluginServer.start(Jetty6PluginServer.java:132)
	at org.mortbay.jetty.plugin.AbstractJettyMojo.startJetty(AbstractJettyMojo.java:441)
	at org.mortbay.jetty.plugin.AbstractJettyMojo.execute(AbstractJettyMojo.java:383)
	at org.mortbay.jetty.plugin.AbstractJettyRunMojo.execute(AbstractJettyRunMojo.java:210)
	at org.mortbay.jetty.plugin.Jetty6RunMojo.execute(Jetty6RunMojo.java:184)
	at org.apache.maven.plugin.DefaultPluginManager.executeMojo(DefaultPluginManager.java:490)
	at org.apache.maven.lifecycle.DefaultLifecycleExecutor.executeGoals(DefaultLifecycleExecutor.java:694)
	at org.apache.maven.lifecycle.DefaultLifecycleExecutor.executeStandaloneGoal(DefaultLifecycleExecutor.java:569)
	at org.apache.maven.lifecycle.DefaultLifecycleExecutor.executeGoal(DefaultLifecycleExecutor.java:539)
	at org.apache.maven.lifecycle.DefaultLifecycleExecutor.executeGoalAndHandleFailures(DefaultLifecycleExecutor.java:387)
	at org.apache.maven.lifecycle.DefaultLifecycleExecutor.executeTaskSegments(DefaultLifecycleExecutor.java:348)
	at org.apache.maven.lifecycle.DefaultLifecycleExecutor.execute(DefaultLifecycleExecutor.java:180)
	at org.apache.maven.DefaultMaven.doExecute(DefaultMaven.java:328)
	at org.apache.maven.DefaultMaven.execute(DefaultMaven.java:138)
	at org.apache.maven.cli.MavenCli.main(MavenCli.java:362)
	at org.apache.maven.cli.compat.CompatibleMain.main(CompatibleMain.java:60)
	at sun.reflect.NativeMethodAccessorImpl.invoke0(Native Method)
	at sun.reflect.NativeMethodAccessorImpl.invoke(NativeMethodAccessorImpl.java:39)
	at sun.reflect.DelegatingMethodAccessorImpl.invoke(DelegatingMethodAccessorImpl.java:25)
	at java.lang.reflect.Method.invoke(Method.java:597)
	at org.codehaus.classworlds.Launcher.launchEnhanced(Launcher.java:315)
	at org.codehaus.classworlds.Launcher.launch(Launcher.java:255)
	at org.codehaus.classworlds.Launcher.mainWithExitCode(Launcher.java:430)
	at org.codehaus.classworlds.Launcher.main(Launcher.java:375)
