-encoding
UTF-8
-source
1.5
-target
1.5
-classpath
C:\Users\Administrator\.m2\repository\antlr\antlr\2.7.6\antlr-2.7.6.jar;C:\Users\Administrator\.m2\repository\aopalliance\aopalliance\1.0\aopalliance-1.0.jar;C:\Users\Administrator\.m2\repository\asm\asm\2.2.3\asm-2.2.3.jar;C:\Users\Administrator\.m2\repository\cn\common\lib\common-utils\1.1\common-utils-1.1.jar;C:\Users\Administrator\.m2\repository\cn\common\lib\common-web\1.4\common-web-1.4.jar;C:\Users\Administrator\.m2\repository\cn\loosoft\loocommon\1.0\loocommon-1.0.jar;C:\Users\Administrator\.m2\repository\cn\loosoft\stuwork\stucommon\1.0\stucommon-1.0.jar;C:\Users\Administrator\.m2\repository\cn\loosoft\stuwork\stuwork_webserviceapi\1.0\stuwork_webserviceapi-1.0.jar;C:\Users\Administrator\.m2\repository\com\github\inspektr\inspektr-audit\1.0.0.GA\inspektr-audit-1.0.0.GA.jar;C:\Users\Administrator\.m2\repository\com\github\inspektr\inspektr-common\1.0.0.GA\inspektr-common-1.0.0.GA.jar;C:\Users\Administrator\.m2\repository\com\github\inspektr\inspektr-support-spring\1.0.0.GA\inspektr-support-spring-1.0.0.GA.jar;C:\Users\Administrator\.m2\repository\com\lowagie\itext\1.3\itext-1.3.jar;C:\Users\Administrator\.m2\repository\com\sun\xml\bind\jaxb-impl\2.1.3\jaxb-impl-2.1.3.jar;C:\Users\Administrator\.m2\repository\com\sun\xml\fastinfoset\FastInfoset\1.2.7\FastInfoset-1.2.7.jar;C:\Users\Administrator\.m2\repository\com\sun\xml\messaging\saaj\saaj-impl\1.3.2\saaj-impl-1.3.2.jar;C:\Users\Administrator\.m2\repository\commons-beanutils\commons-beanutils\1.8.2\commons-beanutils-1.8.2.jar;C:\Users\Administrator\.m2\repository\commons-codec\commons-codec\1.4\commons-codec-1.4.jar;C:\Users\Administrator\.m2\repository\commons-collections\commons-collections\3.2.1\commons-collections-3.2.1.jar;C:\Users\Administrator\.m2\repository\commons-httpclient\commons-httpclient\3.0.1\commons-httpclient-3.0.1.jar;C:\Users\Administrator\.m2\repository\commons-lang\commons-lang\2.4\commons-lang-2.4.jar;C:\Users\Administrator\.m2\repository\commons-logging\commons-logging\1.0.4\commons-logging-1.0.4.jar;C:\Users\Administrator\.m2\repository\displaytag\displaytag\1.1\displaytag-1.1.jar;C:\Users\Administrator\.m2\repository\dom4j\dom4j\1.6.1\dom4j-1.6.1.jar;C:\Users\Administrator\.m2\repository\javax\persistence\persistence-api\1.0\persistence-api-1.0.jar;C:\Users\Administrator\.m2\repository\javax\servlet\jstl\1.1.2\jstl-1.1.2.jar;C:\Users\Administrator\.m2\repository\javax\servlet\servlet-api\2.5\servlet-api-2.5.jar;C:\Users\Administrator\.m2\repository\javax\transaction\jta\1.1\jta-1.1.jar;C:\Users\Administrator\.m2\repository\javax\validation\validation-api\1.0.0.GA\validation-api-1.0.0.GA.jar;C:\Users\Administrator\.m2\repository\javax\xml\xmldsig\1.0\xmldsig-1.0.jar;C:\Users\Administrator\.m2\repository\javax\xml\bind\jaxb-api\2.1\jaxb-api-2.1.jar;C:\Users\Administrator\.m2\repository\javax\xml\soap\saaj-api\1.3\saaj-api-1.3.jar;C:\Users\Administrator\.m2\repository\jdom\jdom\1.0\jdom-1.0.jar;C:\Users\Administrator\.m2\repository\junit\junit\4.7\junit-4.7.jar;C:\Users\Administrator\.m2\repository\log4j\log4j\1.2.15\log4j-1.2.15.jar;C:\Users\Administrator\.m2\repository\mysql\mysql-connector-java\5.1.13\mysql-connector-java-5.1.13.jar;C:\Users\Administrator\.m2\repository\net\sf\ezmorph\ezmorph\1.0.6\ezmorph-1.0.6.jar;C:\Users\Administrator\.m2\repository\net\sf\json-lib\json-lib\2.2.3\json-lib-2.2.3-jdk15.jar;C:\Users\Administrator\.m2\repository\ognl\ognl\2.7.3\ognl-2.7.3.jar;C:\Users\Administrator\.m2\repository\org\apache\cxf\cxf-api\2.2.3\cxf-api-2.2.3.jar;C:\Users\Administrator\.m2\repository\org\apache\cxf\cxf-common-schemas\2.2.3\cxf-common-schemas-2.2.3.jar;C:\Users\Administrator\.m2\repository\org\apache\cxf\cxf-common-utilities\2.2.3\cxf-common-utilities-2.2.3.jar;C:\Users\Administrator\.m2\repository\org\apache\cxf\cxf-rt-bindings-soap\2.2.3\cxf-rt-bindings-soap-2.2.3.jar;C:\Users\Administrator\.m2\repository\org\apache\cxf\cxf-rt-bindings-xml\2.2.3\cxf-rt-bindings-xml-2.2.3.jar;C:\Users\Administrator\.m2\repository\org\apache\cxf\cxf-rt-core\2.2.3\cxf-rt-core-2.2.3.jar;C:\Users\Administrator\.m2\repository\org\apache\cxf\cxf-rt-databinding-jaxb\2.2.3\cxf-rt-databinding-jaxb-2.2.3.jar;C:\Users\Administrator\.m2\repository\org\apache\cxf\cxf-rt-frontend-jaxws\2.2.3\cxf-rt-frontend-jaxws-2.2.3.jar;C:\Users\Administrator\.m2\repository\org\apache\cxf\cxf-rt-frontend-simple\2.2.3\cxf-rt-frontend-simple-2.2.3.jar;C:\Users\Administrator\.m2\repository\org\apache\cxf\cxf-rt-transports-http\2.2.3\cxf-rt-transports-http-2.2.3.jar;C:\Users\Administrator\.m2\repository\org\apache\cxf\cxf-rt-ws-addr\2.2.3\cxf-rt-ws-addr-2.2.3.jar;C:\Users\Administrator\.m2\repository\org\apache\cxf\cxf-tools-common\2.2.3\cxf-tools-common-2.2.3.jar;C:\Users\Administrator\.m2\repository\org\apache\geronimo\specs\geronimo-activation_1.1_spec\1.0.2\geronimo-activation_1.1_spec-1.0.2.jar;C:\Users\Administrator\.m2\repository\org\apache\geronimo\specs\geronimo-annotation_1.0_spec\1.1.1\geronimo-annotation_1.0_spec-1.1.1.jar;C:\Users\Administrator\.m2\repository\org\apache\geronimo\specs\geronimo-javamail_1.4_spec\1.6\geronimo-javamail_1.4_spec-1.6.jar;C:\Users\Administrator\.m2\repository\org\apache\geronimo\specs\geronimo-jaxws_2.1_spec\1.0\geronimo-jaxws_2.1_spec-1.0.jar;C:\Users\Administrator\.m2\repository\org\apache\geronimo\specs\geronimo-stax-api_1.0_spec\1.0.1\geronimo-stax-api_1.0_spec-1.0.1.jar;C:\Users\Administrator\.m2\repository\org\apache\geronimo\specs\geronimo-ws-metadata_2.0_spec\1.1.2\geronimo-ws-metadata_2.0_spec-1.1.2.jar;C:\Users\Administrator\.m2\repository\org\apache\neethi\neethi\2.0.4\neethi-2.0.4.jar;C:\Users\Administrator\.m2\repository\org\apache\ws\commons\schema\XmlSchema\1.4.5\XmlSchema-1.4.5.jar;C:\Users\Administrator\.m2\repository\org\aspectj\aspectjrt\1.6.7\aspectjrt-1.6.7.jar;C:\Users\Administrator\.m2\repository\org\aspectj\aspectjweaver\1.6.7\aspectjweaver-1.6.7.jar;C:\Users\Administrator\.m2\repository\org\codehaus\woodstox\wstx-asl\3.2.8\wstx-asl-3.2.8.jar;C:\Users\Administrator\.m2\repository\org\hibernate\hibernate-annotations\3.5.0-CR-2\hibernate-annotations-3.5.0-CR-2.jar;C:\Users\Administrator\.m2\repository\org\hibernate\hibernate-commons-annotations\3.2.0.Beta1\hibernate-commons-annotations-3.2.0.Beta1.jar;C:\Users\Administrator\.m2\repository\org\hibernate\hibernate-core\3.5.0-CR-2\hibernate-core-3.5.0-CR-2.jar;C:\Users\Administrator\.m2\repository\org\hibernate\hibernate-validator\4.0.2.GA\hibernate-validator-4.0.2.GA.jar;C:\Users\Administrator\.m2\repository\org\hibernate\javax\persistence\hibernate-jpa-2.0-api\1.0.0-CR-1\hibernate-jpa-2.0-api-1.0.0-CR-1.jar;C:\Users\Administrator\.m2\repository\org\jasig\cas\cas-server-core\3.4.3.1\cas-server-core-3.4.3.1.jar;C:\Users\Administrator\.m2\repository\org\jasig\cas\stucas-server-support-webservice\3.4.3.1\stucas-server-support-webservice-3.4.3.1.jar;C:\Users\Administrator\.m2\repository\org\jasig\service\person-directory-api\1.5.0-RC6\person-directory-api-1.5.0-RC6.jar;C:\Users\Administrator\.m2\repository\org\jasig\service\person-directory-impl\1.5.0-RC6\person-directory-impl-1.5.0-RC6.jar;C:\Users\Administrator\.m2\repository\org\opensaml\opensaml\1.1b\opensaml-1.1b.jar;C:\Users\Administrator\.m2\repository\org\opensymphony\quartz\quartz\1.6.1\quartz-1.6.1.jar;C:\Users\Administrator\.m2\repository\org\perf4j\perf4j\0.9.12\perf4j-0.9.12-log4jonly.jar;C:\Users\Administrator\.m2\repository\org\slf4j\jcl-over-slf4j\1.5.8\jcl-over-slf4j-1.5.8.jar;C:\Users\Administrator\.m2\repository\org\slf4j\slf4j-api\1.5.8\slf4j-api-1.5.8.jar;C:\Users\Administrator\.m2\repository\org\slf4j\slf4j-log4j12\1.5.8\slf4j-log4j12-1.5.8.jar;C:\Users\Administrator\.m2\repository\org\springframework\spring-aop\3.0.5.RELEASE\spring-aop-3.0.5.RELEASE.jar;C:\Users\Administrator\.m2\repository\org\springframework\spring-asm\3.0.5.RELEASE\spring-asm-3.0.5.RELEASE.jar;C:\Users\Administrator\.m2\repository\org\springframework\spring-beans\3.0.5.RELEASE\spring-beans-3.0.5.RELEASE.jar;C:\Users\Administrator\.m2\repository\org\springframework\spring-context\3.0.5.RELEASE\spring-context-3.0.5.RELEASE.jar;C:\Users\Administrator\.m2\repository\org\springframework\spring-context-support\3.0.5.RELEASE\spring-context-support-3.0.5.RELEASE.jar;C:\Users\Administrator\.m2\repository\org\springframework\spring-core\3.0.5.RELEASE\spring-core-3.0.5.RELEASE.jar;C:\Users\Administrator\.m2\repository\org\springframework\spring-expression\3.0.5.RELEASE\spring-expression-3.0.5.RELEASE.jar;C:\Users\Administrator\.m2\repository\org\springframework\spring-jdbc\3.0.5.RELEASE\spring-jdbc-3.0.5.RELEASE.jar;C:\Users\Administrator\.m2\repository\org\springframework\spring-orm\3.0.5.RELEASE\spring-orm-3.0.5.RELEASE.jar;C:\Users\Administrator\.m2\repository\org\springframework\spring-test\3.0.5.RELEASE\spring-test-3.0.5.RELEASE.jar;C:\Users\Administrator\.m2\repository\org\springframework\spring-tx\3.0.5.RELEASE\spring-tx-3.0.5.RELEASE.jar;C:\Users\Administrator\.m2\repository\org\springframework\spring-web\3.0.5.RELEASE\spring-web-3.0.5.RELEASE.jar;C:\Users\Administrator\.m2\repository\org\springframework\spring-webmvc\3.0.5.RELEASE\spring-webmvc-3.0.5.RELEASE.jar;C:\Users\Administrator\.m2\repository\org\springframework\security\spring-security-cas-client\3.0.4.RELEASE\spring-security-cas-client-3.0.4.RELEASE.jar;C:\Users\Administrator\.m2\repository\org\springframework\security\spring-security-config\3.0.4.RELEASE\spring-security-config-3.0.4.RELEASE.jar;C:\Users\Administrator\.m2\repository\org\springframework\security\spring-security-core\3.0.4.RELEASE\spring-security-core-3.0.4.RELEASE.jar;C:\Users\Administrator\.m2\repository\org\springframework\webflow\spring-binding\2.1.1.RELEASE\spring-binding-2.1.1.RELEASE.jar;C:\Users\Administrator\.m2\repository\org\springframework\webflow\spring-js\2.1.1.RELEASE\spring-js-2.1.1.RELEASE.jar;C:\Users\Administrator\.m2\repository\org\springframework\webflow\spring-webflow\2.1.1.RELEASE\spring-webflow-2.1.1.RELEASE.jar;C:\Users\Administrator\.m2\repository\org\springside\springside3-core\3.3.1\springside3-core-3.3.1.jar;C:\Users\Administrator\.m2\repository\taglibs\standard\1.1.2\standard-1.1.2.jar;C:\Users\Administrator\.m2\repository\wsdl4j\wsdl4j\1.6.2\wsdl4j-1.6.2.jar;C:\Users\Administrator\.m2\repository\xml-apis\xml-apis\1.0.b2\xml-apis-1.0.b2.jar;C:\Users\Administrator\.m2\repository\xml-resolver\xml-resolver\1.2\xml-resolver-1.2.jar;D:\work\project\loosoft\stuwork\trunk\stucas-server-webapp\target\classes
-d
D:\work\project\loosoft\stuwork\trunk\stucas-server-webapp\target\classes
D:\work\project\loosoft\stuwork\trunk\stucas-server-webapp\src\main\java\org\jasig\cas\authentication\handler\support\AbstractUsernamePasswordAuthenticationHandler.java
D:\work\project\loosoft\stuwork\trunk\stucas-server-webapp\src\main\java\org\jasig\cas\authentication\handler\BadCredentialsAuthenticationException.java
D:\work\project\loosoft\stuwork\trunk\stucas-server-webapp\src\main\java\org\jasig\cas\ticket\InvalidTicketException.java
D:\work\project\loosoft\stuwork\trunk\stucas-server-webapp\src\main\java\org\jasig\cas\validation\ImmutableAssertionImpl.java
D:\work\project\loosoft\stuwork\trunk\stucas-server-webapp\src\main\java\org\jasig\cas\authentication\handler\BadUsernameOrPasswordAuthenticationException.java
D:\work\project\loosoft\stuwork\trunk\stucas-server-webapp\src\main\java\org\jasig\cas\authentication\AbstractAuthentication.java
D:\work\project\loosoft\stuwork\trunk\stucas-server-webapp\src\main\java\org\jasig\cas\util\DefaultUniqueTicketIdGenerator.java
D:\work\project\loosoft\stuwork\trunk\stucas-server-webapp\src\main\java\org\jasig\cas\ticket\TicketValidationException.java
D:\work\project\loosoft\stuwork\trunk\stucas-server-webapp\src\main\java\org\jasig\cas\ticket\support\MultiTimeUseOrTimeoutExpirationPolicy.java
D:\work\project\loosoft\stuwork\trunk\stucas-server-webapp\src\main\java\org\jasig\cas\validation\AbstractCasProtocolValidationSpecification.java
D:\work\project\loosoft\stuwork\trunk\stucas-server-webapp\src\main\java\org\jasig\cas\ticket\registry\support\JdbcLockingStrategy.java
D:\work\project\loosoft\stuwork\trunk\stucas-server-webapp\src\main\java\org\jasig\cas\validation\Assertion.java
D:\work\project\loosoft\stuwork\trunk\stucas-server-webapp\src\main\java\org\jasig\cas\ticket\proxy\support\Cas10ProxyHandler.java
D:\work\project\loosoft\stuwork\trunk\stucas-server-webapp\src\main\java\org\jasig\cas\authentication\principal\HttpBasedServiceCredentials.java
D:\work\project\loosoft\stuwork\trunk\stucas-server-webapp\src\main\java\org\jasig\cas\web\OpenIdProviderController.java
D:\work\project\loosoft\stuwork\trunk\stucas-server-webapp\src\main\java\org\jasig\cas\util\CustomBeanValidationPostProcessor.java
D:\work\project\loosoft\stuwork\trunk\stucas-server-webapp\src\main\java\org\jasig\cas\authentication\DirectMappingAuthenticationManagerImpl.java
D:\work\project\loosoft\stuwork\trunk\stucas-server-webapp\src\main\java\org\jasig\cas\validation\Cas20WithoutProxyingValidationSpecification.java
D:\work\project\loosoft\stuwork\trunk\stucas-server-webapp\src\main\java\org\jasig\cas\authentication\principal\AbstractPersonDirectoryCredentialsToPrincipalResolver.java
D:\work\project\loosoft\stuwork\trunk\stucas-server-webapp\src\main\java\org\jasig\cas\web\support\InMemoryThrottledSubmissionByIpAddressHandlerInterceptorAdapter.java
D:\work\project\loosoft\stuwork\trunk\stucas-server-webapp\src\main\java\org\jasig\cas\util\NumericGenerator.java
D:\work\project\loosoft\stuwork\trunk\stucas-server-webapp\src\main\java\org\jasig\cas\util\AopUtils.java
D:\work\project\loosoft\stuwork\trunk\stucas-server-webapp\src\main\java\org\jasig\cas\authentication\principal\UsernamePasswordCredentialsToPrincipalResolver.java
D:\work\project\loosoft\stuwork\trunk\stucas-server-webapp\src\main\java\org\jasig\cas\ticket\TicketException.java
D:\work\project\loosoft\stuwork\trunk\stucas-server-webapp\src\main\java\org\jasig\cas\audit\spi\CredentialsAsFirstParameterResourceResolver.java
D:\work\project\loosoft\stuwork\trunk\stucas-server-webapp\src\main\java\org\jasig\cas\web\support\AbstractThrottledSubmissionHandlerInterceptorAdapter.java
D:\work\project\loosoft\stuwork\trunk\stucas-server-webapp\src\main\java\org\jasig\cas\ticket\TicketState.java
D:\work\project\loosoft\stuwork\trunk\stucas-server-webapp\src\main\java\org\jasig\cas\authentication\handler\AuthenticationHandler.java
D:\work\project\loosoft\stuwork\trunk\stucas-server-webapp\src\main\java\org\jasig\cas\util\SamlCompliantUniqueTicketIdGenerator.java
D:\work\project\loosoft\stuwork\trunk\stucas-server-webapp\src\main\java\org\jasig\cas\validation\ValidationSpecification.java
D:\work\project\loosoft\stuwork\trunk\stucas-server-webapp\src\main\java\org\jasig\cas\ticket\Ticket.java
D:\work\project\loosoft\stuwork\trunk\stucas-server-webapp\src\main\java\org\jasig\cas\authentication\principal\Credentials.java
D:\work\project\loosoft\stuwork\trunk\stucas-server-webapp\src\main\java\org\jasig\cas\ticket\ServiceTicketImpl.java
D:\work\project\loosoft\stuwork\trunk\stucas-server-webapp\src\main\java\org\jasig\cas\util\AutowiringSchedulerFactoryBean.java
D:\work\project\loosoft\stuwork\trunk\stucas-server-webapp\src\main\java\org\jasig\cas\util\CalendarUtils.java
D:\work\project\loosoft\stuwork\trunk\stucas-server-webapp\src\main\java\org\jasig\cas\services\RegisteredServiceImpl.java
D:\work\project\loosoft\stuwork\trunk\stucas-server-webapp\src\main\java\org\jasig\cas\aspect\LogAspect.java
D:\work\project\loosoft\stuwork\trunk\stucas-server-webapp\src\main\java\org\jasig\cas\authentication\handler\BlockedCredentialsAuthenticationException.java
D:\work\project\loosoft\stuwork\trunk\stucas-server-webapp\src\main\java\org\jasig\cas\authentication\handler\support\HttpBasedServiceCredentialsAuthenticationHandler.java
D:\work\project\loosoft\stuwork\trunk\stucas-server-webapp\src\main\java\org\jasig\cas\web\flow\GenerateServiceTicketAction.java
D:\work\project\loosoft\stuwork\trunk\stucas-server-webapp\src\main\java\org\jasig\cas\authentication\handler\AuthenticationException.java
D:\work\project\loosoft\stuwork\trunk\stucas-server-webapp\src\main\java\org\jasig\cas\web\support\AbstractInMemoryThrottledSubmissionHandlerInterceptorAdapter.java
D:\work\project\loosoft\stuwork\trunk\stucas-server-webapp\src\main\java\org\jasig\cas\authentication\handler\PasswordEncoder.java
D:\work\project\loosoft\stuwork\trunk\stucas-server-webapp\src\main\java\org\jasig\cas\authentication\handler\PrefixSuffixPrincipalNameTransformer.java
D:\work\project\loosoft\stuwork\trunk\stucas-server-webapp\src\main\java\org\jasig\cas\web\ProxyController.java
D:\work\project\loosoft\stuwork\trunk\stucas-server-webapp\src\main\java\org\jasig\cas\authentication\handler\UnknownUsernameAuthenticationException.java
D:\work\project\loosoft\stuwork\trunk\stucas-server-webapp\src\main\java\org\jasig\cas\web\view\AbstractCasView.java
D:\work\project\loosoft\stuwork\trunk\stucas-server-webapp\src\main\java\org\jasig\cas\authentication\handler\support\AbstractPreAndPostProcessingAuthenticationHandler.java
D:\work\project\loosoft\stuwork\trunk\stucas-server-webapp\src\main\java\org\jasig\cas\authentication\AuthenticationManagerImpl.java
D:\work\project\loosoft\stuwork\trunk\stucas-server-webapp\src\main\java\org\jasig\cas\audit\spi\TicketAsFirstParameterResourceResolver.java
D:\work\project\loosoft\stuwork\trunk\stucas-server-webapp\src\main\java\org\jasig\cas\ticket\support\HardTimeoutExpirationPolicy.java
D:\work\project\loosoft\stuwork\trunk\stucas-server-webapp\src\main\java\org\jasig\cas\ticket\support\ThrottledUseAndTimeoutExpirationPolicy.java
D:\work\project\loosoft\stuwork\trunk\stucas-server-webapp\src\main\java\org\jasig\cas\web\init\SafeContextLoaderListener.java
D:\work\project\loosoft\stuwork\trunk\stucas-server-webapp\src\main\java\org\jasig\cas\services\web\support\RegisteredServiceValidator.java
D:\work\project\loosoft\stuwork\trunk\stucas-server-webapp\src\main\java\org\jasig\cas\authentication\handler\DefaultPasswordEncoder.java
D:\work\project\loosoft\stuwork\trunk\stucas-server-webapp\src\main\java\org\jasig\cas\ticket\registry\support\LockingStrategy.java
D:\work\project\loosoft\stuwork\trunk\stucas-server-webapp\src\main\java\org\jasig\cas\util\DefaultLongNumericGenerator.java
D:\work\project\loosoft\stuwork\trunk\stucas-server-webapp\src\main\java\org\jasig\cas\web\bind\CredentialsBinder.java
D:\work\project\loosoft\stuwork\trunk\stucas-server-webapp\src\main\java\org\jasig\cas\validation\Cas20ProtocolValidationSpecification.java
D:\work\project\loosoft\stuwork\trunk\stucas-server-webapp\src\main\java\org\jasig\cas\CentralAuthenticationService.java
D:\work\project\loosoft\stuwork\trunk\stucas-server-webapp\src\main\java\org\jasig\cas\authentication\handler\support\JaasAuthenticationHandler.java
D:\work\project\loosoft\stuwork\trunk\stucas-server-webapp\src\main\java\org\jasig\cas\ticket\registry\support\DefaultTicketRegistryCleaner.java
D:\work\project\loosoft\stuwork\trunk\stucas-server-webapp\src\main\java\org\jasig\cas\services\UnauthorizedProxyingException.java
D:\work\project\loosoft\stuwork\trunk\stucas-server-webapp\src\main\java\org\jasig\cas\util\HttpClient.java
D:\work\project\loosoft\stuwork\trunk\stucas-server-webapp\src\main\java\org\jasig\cas\authentication\principal\SimplePrincipal.java
D:\work\project\loosoft\stuwork\trunk\stucas-server-webapp\src\main\java\org\jasig\cas\web\NoSuchFlowExecutionExceptionResolver.java
D:\work\project\loosoft\stuwork\trunk\stucas-server-webapp\src\main\java\org\jasig\cas\web\LogoutController.java
D:\work\project\loosoft\stuwork\trunk\stucas-server-webapp\src\main\java\org\jasig\cas\audit\spi\ServiceResourceResolver.java
D:\work\project\loosoft\stuwork\trunk\stucas-server-webapp\src\main\java\org\jasig\cas\authentication\principal\AbstractWebApplicationService.java
D:\work\project\loosoft\stuwork\trunk\stucas-server-webapp\src\main\java\org\jasig\cas\web\flow\AbstractNonInteractiveCredentialsAction.java
D:\work\project\loosoft\stuwork\trunk\stucas-server-webapp\src\main\java\org\jasig\cas\authentication\principal\CredentialsToPrincipalResolver.java
D:\work\project\loosoft\stuwork\trunk\stucas-server-webapp\src\main\java\org\jasig\cas\authentication\SamlAuthenticationMetaDataPopulator.java
D:\work\project\loosoft\stuwork\trunk\stucas-server-webapp\src\main\java\org\jasig\cas\authentication\Authentication.java
D:\work\project\loosoft\stuwork\trunk\stucas-server-webapp\src\main\java\org\jasig\cas\ticket\registry\support\NoOpLockingStrategy.java
D:\work\project\loosoft\stuwork\trunk\stucas-server-webapp\src\main\java\org\jasig\cas\authentication\handler\support\SimpleTestUsernamePasswordAuthenticationHandler.java
D:\work\project\loosoft\stuwork\trunk\stucas-server-webapp\src\main\java\org\jasig\cas\ticket\registry\RegistryCleaner.java
D:\work\project\loosoft\stuwork\trunk\stucas-server-webapp\src\main\java\org\jasig\cas\services\web\ManageRegisteredServicesMultiActionController.java
D:\work\project\loosoft\stuwork\trunk\stucas-server-webapp\src\main\java\org\jasig\cas\web\flow\AuthenticationViaFormAction.java
D:\work\project\loosoft\stuwork\trunk\stucas-server-webapp\src\main\java\org\jasig\cas\authentication\principal\UsernamePasswordCredentials.java
D:\work\project\loosoft\stuwork\trunk\stucas-server-webapp\src\main\java\org\jasig\cas\services\ReloadableServicesManager.java
D:\work\project\loosoft\stuwork\trunk\stucas-server-webapp\src\main\java\org\jasig\cas\web\support\GoogleAccountsArgumentExtractor.java
D:\work\project\loosoft\stuwork\trunk\stucas-server-webapp\src\main\java\org\jasig\cas\services\DefaultServicesManagerImpl.java
D:\work\project\loosoft\stuwork\trunk\stucas-server-webapp\src\main\java\org\jasig\cas\ticket\registry\TicketRegistry.java
D:\work\project\loosoft\stuwork\trunk\stucas-server-webapp\src\main\java\org\jasig\cas\ticket\support\NeverExpiresExpirationPolicy.java
D:\work\project\loosoft\stuwork\trunk\stucas-server-webapp\src\main\java\org\jasig\cas\authentication\principal\GoogleAccountsService.java
D:\work\project\loosoft\stuwork\trunk\stucas-server-webapp\src\main\java\org\jasig\cas\ticket\ServiceTicket.java
D:\work\project\loosoft\stuwork\trunk\stucas-server-webapp\src\main\java\org\jasig\cas\util\SamlUtils.java
D:\work\project\loosoft\stuwork\trunk\stucas-server-webapp\src\main\java\org\jasig\cas\authentication\principal\ShibbolethCompatiblePersistentIdGenerator.java
D:\work\project\loosoft\stuwork\trunk\stucas-server-webapp\src\main\java\org\jasig\cas\web\support\CasArgumentExtractor.java
D:\work\project\loosoft\stuwork\trunk\stucas-server-webapp\src\main\java\org\jasig\cas\authentication\handler\NamedAuthenticationHandler.java
D:\work\project\loosoft\stuwork\trunk\stucas-server-webapp\src\main\java\org\jasig\cas\web\support\SamlArgumentExtractor.java
D:\work\project\loosoft\stuwork\trunk\stucas-server-webapp\src\main\java\org\jasig\cas\authentication\principal\PersistentIdGenerator.java
D:\work\project\loosoft\stuwork\trunk\stucas-server-webapp\src\main\java\org\jasig\cas\ticket\proxy\ProxyHandler.java
D:\work\project\loosoft\stuwork\trunk\stucas-server-webapp\src\main\java\org\jasig\cas\web\ServiceValidateController.java
D:\work\project\loosoft\stuwork\trunk\stucas-server-webapp\src\main\java\org\jasig\cas\util\PublicKeyFactoryBean.java
D:\work\project\loosoft\stuwork\trunk\stucas-server-webapp\src\main\java\org\jasig\cas\util\PrivateKeyFactoryBean.java
D:\work\project\loosoft\stuwork\trunk\stucas-server-webapp\src\main\java\org\jasig\cas\authentication\principal\SamlService.java
D:\work\project\loosoft\stuwork\trunk\stucas-server-webapp\src\main\java\org\jasig\cas\validation\Cas10ProtocolValidationSpecification.java
D:\work\project\loosoft\stuwork\trunk\stucas-server-webapp\src\main\java\org\jasig\cas\web\flow\SendTicketGrantingTicketAction.java
D:\work\project\loosoft\stuwork\trunk\stucas-server-webapp\src\main\java\org\jasig\cas\web\view\Cas10ResponseView.java
D:\work\project\loosoft\stuwork\trunk\stucas-server-webapp\src\main\java\org\jasig\cas\authentication\LinkedAuthenticationHandlerAndCredentialsToPrincipalResolverAuthenticationManager.java
D:\work\project\loosoft\stuwork\trunk\stucas-server-webapp\src\main\java\org\jasig\cas\web\support\InspektrThrottledSubmissionByIpAddressAndUsernameHandlerInterceptorAdapter.java
D:\work\project\loosoft\stuwork\trunk\stucas-server-webapp\src\main\java\org\jasig\cas\authentication\principal\Principal.java
D:\work\project\loosoft\stuwork\trunk\stucas-server-webapp\src\main\java\org\jasig\cas\authentication\handler\UncategorizedAuthenticationException.java
D:\work\project\loosoft\stuwork\trunk\stucas-server-webapp\src\main\java\org\jasig\cas\util\LongNumericGenerator.java
D:\work\project\loosoft\stuwork\trunk\stucas-server-webapp\src\main\java\org\jasig\cas\web\support\WebUtils.java
D:\work\project\loosoft\stuwork\trunk\stucas-server-webapp\src\main\java\org\jasig\cas\util\SpringAwareMessageMessageInterpolator.java
D:\work\project\loosoft\stuwork\trunk\stucas-server-webapp\src\main\java\org\jasig\cas\ticket\TicketGrantingTicketImpl.java
D:\work\project\loosoft\stuwork\trunk\stucas-server-webapp\src\main\java\org\jasig\cas\services\web\ServiceThemeResolver.java
D:\work\project\loosoft\stuwork\trunk\stucas-server-webapp\src\main\java\org\jasig\cas\util\RandomStringGenerator.java
D:\work\project\loosoft\stuwork\trunk\stucas-server-webapp\src\main\java\org\jasig\cas\services\InMemoryServiceRegistryDaoImpl.java
D:\work\project\loosoft\stuwork\trunk\stucas-server-webapp\src\main\java\org\jasig\cas\web\support\AbstractSingleSignOutEnabledArgumentExtractor.java
D:\work\project\loosoft\stuwork\trunk\stucas-server-webapp\src\main\java\org\jasig\cas\authentication\principal\Service.java
D:\work\project\loosoft\stuwork\trunk\stucas-server-webapp\src\main\java\org\jasig\cas\web\support\InMemoryThrottledSubmissionByIpAddressAndUsernameHandlerInterceptorAdapter.java
D:\work\project\loosoft\stuwork\trunk\stucas-server-webapp\src\main\java\org\jasig\cas\authentication\principal\Response.java
D:\work\project\loosoft\stuwork\trunk\stucas-server-webapp\src\main\java\org\jasig\cas\authentication\principal\RememberMeCredentials.java
D:\work\project\loosoft\stuwork\trunk\stucas-server-webapp\src\main\java\org\jasig\cas\CentralAuthenticationServiceImpl.java
D:\work\project\loosoft\stuwork\trunk\stucas-server-webapp\src\main\java\org\jasig\cas\web\support\ArgumentExtractor.java
D:\work\project\loosoft\stuwork\trunk\stucas-server-webapp\src\main\java\org\jasig\cas\authentication\principal\HttpBasedServiceCredentialsToPrincipalResolver.java
D:\work\project\loosoft\stuwork\trunk\stucas-server-webapp\src\main\java\org\jasig\cas\services\RegisteredService.java
D:\work\project\loosoft\stuwork\trunk\stucas-server-webapp\src\main\java\org\jasig\cas\remoting\server\RemoteCentralAuthenticationService.java
D:\work\project\loosoft\stuwork\trunk\stucas-server-webapp\src\main\java\org\jasig\cas\authentication\handler\PlainTextPasswordEncoder.java
D:\work\project\loosoft\stuwork\trunk\stucas-server-webapp\src\main\java\org\jasig\cas\util\UniqueTicketIdGenerator.java
D:\work\project\loosoft\stuwork\trunk\stucas-server-webapp\src\main\java\org\jasig\cas\authentication\handler\NoOpPrincipalNameTransformer.java
D:\work\project\loosoft\stuwork\trunk\stucas-server-webapp\src\main\java\org\jasig\cas\ticket\TicketCreationException.java
D:\work\project\loosoft\stuwork\trunk\stucas-server-webapp\src\main\java\org\jasig\cas\authentication\principal\RememberMeUsernamePasswordCredentials.java
D:\work\project\loosoft\stuwork\trunk\stucas-server-webapp\src\main\java\org\jasig\cas\authentication\AuthenticationManager.java
D:\work\project\loosoft\stuwork\trunk\stucas-server-webapp\src\main\java\org\jasig\cas\authentication\principal\RememberMeAuthenticationMetaDataPopulator.java
D:\work\project\loosoft\stuwork\trunk\stucas-server-webapp\src\main\java\org\jasig\cas\ticket\registry\DefaultTicketRegistry.java
D:\work\project\loosoft\stuwork\trunk\stucas-server-webapp\src\main\java\org\jasig\cas\authentication\ImmutableAuthentication.java
D:\work\project\loosoft\stuwork\trunk\stucas-server-webapp\src\main\java\org\jasig\cas\ticket\registry\JpaTicketRegistry.java
D:\work\project\loosoft\stuwork\trunk\stucas-server-webapp\src\main\java\org\jasig\cas\CasVersion.java
D:\work\project\loosoft\stuwork\trunk\stucas-server-webapp\src\main\java\org\jasig\cas\authentication\AuthenticationMetaDataPopulator.java
D:\work\project\loosoft\stuwork\trunk\stucas-server-webapp\src\main\java\org\jasig\cas\services\JpaServiceRegistryDaoImpl.java
D:\work\project\loosoft\stuwork\trunk\stucas-server-webapp\src\main\java\org\jasig\cas\authentication\handler\BadPasswordAuthenticationException.java
D:\work\project\loosoft\stuwork\trunk\stucas-server-webapp\src\main\java\org\jasig\cas\authentication\principal\WebApplicationService.java
D:\work\project\loosoft\stuwork\trunk\stucas-server-webapp\src\main\java\org\jasig\cas\web\flow\InitialFlowSetupAction.java
D:\work\project\loosoft\stuwork\trunk\stucas-server-webapp\src\main\java\org\jasig\cas\services\UnauthorizedServiceException.java
D:\work\project\loosoft\stuwork\trunk\stucas-server-webapp\src\main\java\org\jasig\cas\web\support\CookieRetrievingCookieGenerator.java
D:\work\project\loosoft\stuwork\trunk\stucas-server-webapp\src\main\java\org\jasig\cas\util\LdapUtils.java
D:\work\project\loosoft\stuwork\trunk\stucas-server-webapp\src\main\java\org\jasig\cas\ticket\TicketGrantingTicket.java
D:\work\project\loosoft\stuwork\trunk\stucas-server-webapp\src\main\java\org\jasig\cas\ticket\proxy\support\Cas20ProxyHandler.java
D:\work\project\loosoft\stuwork\trunk\stucas-server-webapp\src\main\java\org\jasig\cas\ticket\ExpirationPolicy.java
D:\work\project\loosoft\stuwork\trunk\stucas-server-webapp\src\main\java\org\jasig\cas\web\init\SafeDispatcherServlet.java
D:\work\project\loosoft\stuwork\trunk\stucas-server-webapp\src\main\java\org\jasig\cas\authentication\MutableAuthentication.java
D:\work\project\loosoft\stuwork\trunk\stucas-server-webapp\src\main\java\org\jasig\cas\ticket\registry\AbstractDistributedTicketRegistry.java
D:\work\project\loosoft\stuwork\trunk\stucas-server-webapp\src\main\java\org\jasig\cas\ticket\support\RememberMeDelegatingExpirationPolicy.java
D:\work\project\loosoft\stuwork\trunk\stucas-server-webapp\src\main\java\org\jasig\cas\ticket\support\TimeoutExpirationPolicy.java
D:\work\project\loosoft\stuwork\trunk\stucas-server-webapp\src\main\java\org\jasig\cas\authentication\principal\SimpleWebApplicationServiceImpl.java
D:\work\project\loosoft\stuwork\trunk\stucas-server-webapp\src\main\java\org\jasig\cas\services\UnauthorizedSsoServiceException.java
D:\work\project\loosoft\stuwork\trunk\stucas-server-webapp\src\main\java\org\jasig\cas\web\view\Saml10SuccessResponseView.java
D:\work\project\loosoft\stuwork\trunk\stucas-server-webapp\src\main\java\org\jasig\cas\web\StatisticsController.java
D:\work\project\loosoft\stuwork\trunk\stucas-server-webapp\src\main\java\org\jasig\cas\authentication\handler\UnsupportedCredentialsException.java
D:\work\project\loosoft\stuwork\trunk\stucas-server-webapp\src\main\java\org\jasig\cas\services\ServicesManager.java
D:\work\project\loosoft\stuwork\trunk\stucas-server-webapp\src\main\java\org\jasig\cas\authentication\AbstractAuthenticationManager.java
D:\work\project\loosoft\stuwork\trunk\stucas-server-webapp\src\main\java\org\jasig\cas\ticket\registry\AbstractTicketRegistry.java
D:\work\project\loosoft\stuwork\trunk\stucas-server-webapp\src\main\java\org\jasig\cas\services\ServiceRegistryDao.java
D:\work\project\loosoft\stuwork\trunk\stucas-server-webapp\src\main\java\org\jasig\cas\audit\spi\TicketOrCredentialPrincipalResolver.java
D:\work\project\loosoft\stuwork\trunk\stucas-server-webapp\src\main\java\org\jasig\cas\web\view\Saml10FailureResponseView.java
D:\work\project\loosoft\stuwork\trunk\stucas-server-webapp\src\main\java\org\jasig\cas\web\flow\CasDefaultFlowUrlHandler.java
D:\work\project\loosoft\stuwork\trunk\stucas-server-webapp\src\main\java\org\jasig\cas\ticket\AbstractTicket.java
D:\work\project\loosoft\stuwork\trunk\stucas-server-webapp\src\main\java\org\jasig\cas\util\DefaultRandomStringGenerator.java
D:\work\project\loosoft\stuwork\trunk\stucas-server-webapp\src\main\java\org\jasig\cas\services\web\RegisteredServiceSimpleFormController.java
D:\work\project\loosoft\stuwork\trunk\stucas-server-webapp\src\main\java\org\jasig\cas\authentication\handler\PrincipalNameTransformer.java
